INFO 2023-12-12 16:00:29,134 autoreload F:\apps-ads\apps-ads\appsads\users\models.py changed, reloading.
INFO 2023-12-12 16:00:29,637 autoreload Watching for file changes with StatReloader
INFO 2023-12-12 16:01:58,418 autoreload F:\apps-ads\apps-ads\appsads\users\admin.py changed, reloading.
INFO 2023-12-12 16:01:58,883 autoreload Watching for file changes with StatReloader
INFO 2023-12-12 16:02:18,491 autoreload F:\apps-ads\apps-ads\appsads\users\admin.py changed, reloading.
INFO 2023-12-12 16:02:18,972 autoreload Watching for file changes with StatReloader
INFO 2023-12-12 16:02:20,288 autoreload F:\apps-ads\apps-ads\appsads\users\admin.py changed, reloading.
INFO 2023-12-12 16:02:20,832 autoreload Watching for file changes with StatReloader
INFO 2023-12-12 16:02:30,492 autoreload Watching for file changes with StatReloader
INFO 2023-12-12 16:02:47,059 autoreload Watching for file changes with StatReloader
WARNING 2023-12-12 16:02:50,989 log Not Found: /admin/users/newusers/add/
WARNING 2023-12-12 16:02:50,989 basehttp "GET /admin/users/newusers/add/ HTTP/1.1" 404 4190
WARNING 2023-12-12 16:02:51,045 log Not Found: /favicon.ico
WARNING 2023-12-12 16:02:51,046 basehttp "GET /favicon.ico HTTP/1.1" 404 2111
INFO 2023-12-12 16:02:55,258 basehttp "GET /admin/ HTTP/1.1" 200 5768
INFO 2023-12-12 16:02:55,276 basehttp "GET /static/admin/css/dark_mode.css HTTP/1.1" 304 0
INFO 2023-12-12 16:02:55,276 basehttp "GET /static/admin/css/base.css HTTP/1.1" 304 0
INFO 2023-12-12 16:02:55,276 basehttp "GET /static/admin/css/nav_sidebar.css HTTP/1.1" 304 0
INFO 2023-12-12 16:02:55,290 basehttp "GET /static/admin/css/dashboard.css HTTP/1.1" 304 0
INFO 2023-12-12 16:02:55,290 basehttp "GET /static/admin/css/responsive.css HTTP/1.1" 304 0
INFO 2023-12-12 16:02:55,291 basehttp "GET /static/admin/js/theme.js HTTP/1.1" 304 0
INFO 2023-12-12 16:02:55,293 basehttp "GET /static/admin/js/nav_sidebar.js HTTP/1.1" 304 0
INFO 2023-12-12 16:02:55,299 basehttp "GET /static/admin/img/icon-addlink.svg HTTP/1.1" 304 0
INFO 2023-12-12 16:02:55,299 basehttp "GET /static/admin/img/icon-changelink.svg HTTP/1.1" 304 0
INFO 2023-12-12 16:03:06,146 autoreload F:\apps-ads\apps-ads\appsads\users\admin.py changed, reloading.
INFO 2023-12-12 16:03:06,633 autoreload Watching for file changes with StatReloader
INFO 2023-12-12 16:03:55,456 autoreload Watching for file changes with StatReloader
INFO 2023-12-12 16:03:58,214 basehttp "GET /admin/ HTTP/1.1" 200 6172
WARNING 2023-12-12 16:03:58,296 log Not Found: /favicon.ico
WARNING 2023-12-12 16:03:58,297 basehttp "GET /favicon.ico HTTP/1.1" 404 2111
INFO 2023-12-12 16:04:00,345 basehttp "GET /admin/auth/user/add/ HTTP/1.1" 200 10135
INFO 2023-12-12 16:04:00,361 basehttp "GET /static/admin/css/forms.css HTTP/1.1" 304 0
INFO 2023-12-12 16:04:00,366 basehttp "GET /static/admin/js/vendor/jquery/jquery.js HTTP/1.1" 304 0
INFO 2023-12-12 16:04:00,368 basehttp "GET /static/admin/js/admin/RelatedObjectLookups.js HTTP/1.1" 304 0
INFO 2023-12-12 16:04:00,370 basehttp "GET /static/admin/js/jquery.init.js HTTP/1.1" 304 0
INFO 2023-12-12 16:04:00,371 basehttp "GET /static/admin/js/actions.js HTTP/1.1" 304 0
INFO 2023-12-12 16:04:00,371 basehttp "GET /static/admin/js/core.js HTTP/1.1" 304 0
INFO 2023-12-12 16:04:00,373 basehttp "GET /static/admin/js/urlify.js HTTP/1.1" 304 0
INFO 2023-12-12 16:04:00,374 basehttp "GET /static/admin/js/prepopulate.js HTTP/1.1" 304 0
INFO 2023-12-12 16:04:00,374 basehttp "GET /static/admin/js/vendor/xregexp/xregexp.js HTTP/1.1" 304 0
INFO 2023-12-12 16:04:00,417 basehttp "GET /admin/jsi18n/ HTTP/1.1" 200 3342
INFO 2023-12-12 16:04:00,439 basehttp "GET /static/admin/css/widgets.css HTTP/1.1" 200 11800
INFO 2023-12-12 16:04:00,440 basehttp "GET /static/admin/js/prepopulate_init.js HTTP/1.1" 200 586
INFO 2023-12-12 16:04:00,444 basehttp "GET /static/admin/js/change_form.js HTTP/1.1" 304 0
INFO 2023-12-12 16:04:21,036 basehttp "POST /admin/auth/user/add/ HTTP/1.1" 200 10408
INFO 2023-12-12 16:04:21,101 basehttp "GET /admin/jsi18n/ HTTP/1.1" 200 3342
INFO 2023-12-12 16:04:48,583 autoreload F:\apps-ads\apps-ads\appsads\users\models.py changed, reloading.
INFO 2023-12-12 16:04:49,063 autoreload Watching for file changes with StatReloader
INFO 2023-12-12 16:05:02,654 autoreload F:\apps-ads\apps-ads\appsads\users\models.py changed, reloading.
INFO 2023-12-12 16:05:03,263 autoreload Watching for file changes with StatReloader
INFO 2023-12-12 16:05:07,437 basehttp "GET /admin/auth/user/ HTTP/1.1" 200 10734
INFO 2023-12-12 16:05:07,454 basehttp "GET /static/admin/css/changelists.css HTTP/1.1" 304 0
INFO 2023-12-12 16:05:07,459 basehttp "GET /static/admin/img/search.svg HTTP/1.1" 304 0
INFO 2023-12-12 16:05:07,460 basehttp "GET /static/admin/img/icon-yes.svg HTTP/1.1" 304 0
INFO 2023-12-12 16:05:07,465 basehttp "GET /static/admin/js/filters.js HTTP/1.1" 304 0
INFO 2023-12-12 16:05:07,502 basehttp "GET /admin/jsi18n/ HTTP/1.1" 200 3342
INFO 2023-12-12 16:05:07,515 basehttp "GET /static/admin/img/sorting-icons.svg HTTP/1.1" 304 0
INFO 2023-12-12 16:05:07,515 basehttp "GET /static/admin/img/tooltag-add.svg HTTP/1.1" 304 0
INFO 2023-12-12 16:05:07,516 basehttp "GET /static/admin/img/icon-viewlink.svg HTTP/1.1" 304 0
INFO 2023-12-12 16:05:10,377 basehttp "GET /admin/auth/user/add/ HTTP/1.1" 200 10135
INFO 2023-12-12 16:05:10,442 basehttp "GET /admin/jsi18n/ HTTP/1.1" 200 3342
INFO 2023-12-12 16:05:25,282 autoreload F:\apps-ads\apps-ads\appsads\users\models.py changed, reloading.
INFO 2023-12-12 16:05:25,899 autoreload Watching for file changes with StatReloader
INFO 2023-12-12 16:05:31,298 autoreload F:\apps-ads\apps-ads\appsads\users\models.py changed, reloading.
INFO 2023-12-12 16:05:31,774 autoreload Watching for file changes with StatReloader
INFO 2023-12-12 16:05:33,623 basehttp "GET /admin/auth/user/add/ HTTP/1.1" 200 10135
INFO 2023-12-12 16:05:33,675 basehttp "GET /admin/jsi18n/ HTTP/1.1" 200 3342
INFO 2023-12-12 16:05:35,012 basehttp "GET /admin/auth/user/ HTTP/1.1" 200 10734
INFO 2023-12-12 16:05:35,189 basehttp "GET /admin/jsi18n/ HTTP/1.1" 200 3342
INFO 2023-12-12 16:05:38,535 basehttp "GET /admin/auth/user/add/ HTTP/1.1" 200 10135
INFO 2023-12-12 16:05:38,590 basehttp "GET /admin/jsi18n/ HTTP/1.1" 200 3342
INFO 2023-12-12 16:06:25,199 basehttp "POST /admin/auth/user/add/ HTTP/1.1" 302 0
INFO 2023-12-12 16:06:25,423 basehttp "GET /admin/auth/user/2/change/ HTTP/1.1" 200 21453
INFO 2023-12-12 16:06:25,451 basehttp "GET /static/admin/js/calendar.js HTTP/1.1" 304 0
INFO 2023-12-12 16:06:25,451 basehttp "GET /static/admin/js/admin/DateTimeShortcuts.js HTTP/1.1" 304 0
INFO 2023-12-12 16:06:25,498 basehttp "GET /admin/jsi18n/ HTTP/1.1" 200 3342
INFO 2023-12-12 16:06:25,526 basehttp "GET /static/admin/js/SelectBox.js HTTP/1.1" 200 4530
INFO 2023-12-12 16:06:25,526 basehttp "GET /static/admin/js/SelectFilter2.js HTTP/1.1" 200 15492
INFO 2023-12-12 16:06:25,575 basehttp "GET /static/admin/img/icon-calendar.svg HTTP/1.1" 304 0
INFO 2023-12-12 16:06:25,576 basehttp "GET /static/admin/img/icon-clock.svg HTTP/1.1" 304 0
INFO 2023-12-12 16:06:25,583 basehttp "GET /static/admin/img/icon-unknown.svg HTTP/1.1" 200 655
INFO 2023-12-12 16:06:25,585 basehttp "GET /static/admin/img/icon-unknown-alt.svg HTTP/1.1" 200 655
INFO 2023-12-12 16:06:25,585 basehttp "GET /static/admin/img/selector-icons.svg HTTP/1.1" 200 3291
INFO 2023-12-12 16:07:09,517 basehttp "POST /admin/auth/user/2/change/ HTTP/1.1" 302 0
INFO 2023-12-12 16:07:09,700 basehttp "GET /admin/auth/user/ HTTP/1.1" 200 11407
INFO 2023-12-12 16:07:09,730 basehttp "GET /static/admin/img/icon-no.svg HTTP/1.1" 200 560
INFO 2023-12-12 16:07:09,766 basehttp "GET /admin/jsi18n/ HTTP/1.1" 200 3342
INFO 2023-12-12 16:07:19,397 basehttp "GET /admin/auth/user/2/change/ HTTP/1.1" 200 21318
INFO 2023-12-12 16:07:19,463 basehttp "GET /admin/jsi18n/ HTTP/1.1" 200 3342
INFO 2023-12-12 16:07:40,432 autoreload F:\apps-ads\apps-ads\appsads\users\models.py changed, reloading.
INFO 2023-12-12 16:07:41,026 autoreload Watching for file changes with StatReloader
INFO 2023-12-12 16:08:26,305 autoreload F:\apps-ads\apps-ads\appsads\users\models.py changed, reloading.
INFO 2023-12-12 16:08:26,855 autoreload Watching for file changes with StatReloader
INFO 2023-12-12 16:08:34,242 autoreload F:\apps-ads\apps-ads\appsads\users\models.py changed, reloading.
INFO 2023-12-12 16:08:34,753 autoreload Watching for file changes with StatReloader
INFO 2023-12-12 16:09:14,768 autoreload F:\apps-ads\apps-ads\appsads\users\models.py changed, reloading.
INFO 2023-12-12 16:09:15,381 autoreload Watching for file changes with StatReloader
INFO 2023-12-12 16:09:57,566 autoreload F:\apps-ads\apps-ads\appsads\users\models.py changed, reloading.
INFO 2023-12-12 16:09:58,029 autoreload Watching for file changes with StatReloader
INFO 2023-12-12 16:10:20,843 autoreload F:\apps-ads\apps-ads\appsads\users\models.py changed, reloading.
INFO 2023-12-12 16:10:21,346 autoreload Watching for file changes with StatReloader
INFO 2023-12-12 16:10:47,057 autoreload F:\apps-ads\apps-ads\appsads\users\models.py changed, reloading.
INFO 2023-12-12 16:10:47,633 autoreload Watching for file changes with StatReloader
INFO 2023-12-12 16:11:59,243 autoreload F:\apps-ads\apps-ads\appsads\users\models.py changed, reloading.
INFO 2023-12-12 16:11:59,745 autoreload Watching for file changes with StatReloader
INFO 2023-12-12 16:12:16,117 autoreload Watching for file changes with StatReloader
INFO 2023-12-12 16:12:22,120 basehttp "GET /admin/auth/user/2/change/ HTTP/1.1" 200 21318
INFO 2023-12-12 16:12:22,180 basehttp "GET /admin/jsi18n/ HTTP/1.1" 200 3342
INFO 2023-12-12 16:12:24,428 basehttp "GET /admin/auth/user/ HTTP/1.1" 200 11209
INFO 2023-12-12 16:12:24,491 basehttp "GET /admin/jsi18n/ HTTP/1.1" 200 3342
INFO 2023-12-12 16:12:28,122 basehttp "POST /admin/auth/user/ HTTP/1.1" 200 6970
INFO 2023-12-12 16:12:28,202 basehttp "GET /static/admin/js/cancel.js HTTP/1.1" 200 884
INFO 2023-12-12 16:12:29,189 basehttp "POST /admin/auth/user/ HTTP/1.1" 302 0
INFO 2023-12-12 16:12:29,244 basehttp "GET /admin/auth/user/ HTTP/1.1" 200 10868
INFO 2023-12-12 16:12:29,308 basehttp "GET /admin/jsi18n/ HTTP/1.1" 200 3342
INFO 2023-12-12 16:12:31,606 basehttp "GET /admin/auth/user/add/ HTTP/1.1" 200 10135
INFO 2023-12-12 16:12:31,774 basehttp "GET /admin/jsi18n/ HTTP/1.1" 200 3342
INFO 2023-12-12 16:12:51,933 basehttp "POST /admin/auth/user/add/ HTTP/1.1" 302 0
INFO 2023-12-12 16:12:51,999 basehttp "GET /admin/auth/user/3/change/ HTTP/1.1" 200 21428
INFO 2023-12-12 16:12:52,054 basehttp "GET /admin/jsi18n/ HTTP/1.1" 200 3342
INFO 2023-12-12 16:13:27,254 basehttp "GET /admin/auth/group/ HTTP/1.1" 200 7243
INFO 2023-12-12 16:13:27,319 basehttp "GET /admin/jsi18n/ HTTP/1.1" 200 3342
INFO 2023-12-12 16:13:29,161 basehttp "GET /admin/auth/group/add/ HTTP/1.1" 200 11674
INFO 2023-12-12 16:13:29,219 basehttp "GET /admin/jsi18n/ HTTP/1.1" 200 3342
INFO 2023-12-12 16:13:31,136 basehttp "GET /admin/auth/user/ HTTP/1.1" 200 11172
INFO 2023-12-12 16:13:31,302 basehttp "GET /admin/jsi18n/ HTTP/1.1" 200 3342
INFO 2023-12-12 16:13:33,051 basehttp "GET /admin/auth/user/3/change/ HTTP/1.1" 200 21208
INFO 2023-12-12 16:13:33,109 basehttp "GET /admin/jsi18n/ HTTP/1.1" 200 3342
INFO 2023-12-12 16:14:45,227 autoreload F:\apps-ads\apps-ads\appsads\users\models.py changed, reloading.
INFO 2023-12-12 16:14:45,770 autoreload Watching for file changes with StatReloader
INFO 2023-12-12 16:15:02,424 autoreload Watching for file changes with StatReloader
INFO 2023-12-12 16:15:12,217 autoreload Watching for file changes with StatReloader
INFO 2023-12-12 16:15:17,207 basehttp "GET /admin/auth/user/3/change/ HTTP/1.1" 200 21208
INFO 2023-12-12 16:15:17,226 basehttp "GET /static/admin/css/base.css HTTP/1.1" 304 0
INFO 2023-12-12 16:15:17,226 basehttp "GET /static/admin/css/dark_mode.css HTTP/1.1" 304 0
INFO 2023-12-12 16:15:17,232 basehttp "GET /static/admin/css/nav_sidebar.css HTTP/1.1" 304 0
INFO 2023-12-12 16:15:17,232 basehttp "GET /static/admin/css/forms.css HTTP/1.1" 304 0
INFO 2023-12-12 16:15:17,233 basehttp "GET /static/admin/css/responsive.css HTTP/1.1" 304 0
INFO 2023-12-12 16:15:17,234 basehttp "GET /static/admin/js/jquery.init.js HTTP/1.1" 304 0
INFO 2023-12-12 16:15:17,238 basehttp "GET /static/admin/js/core.js HTTP/1.1" 304 0
INFO 2023-12-12 16:15:17,238 basehttp "GET /static/admin/js/vendor/jquery/jquery.js HTTP/1.1" 304 0
INFO 2023-12-12 16:15:17,238 basehttp "GET /static/admin/js/admin/RelatedObjectLookups.js HTTP/1.1" 304 0
INFO 2023-12-12 16:15:17,240 basehttp "GET /static/admin/js/urlify.js HTTP/1.1" 304 0
INFO 2023-12-12 16:15:17,241 basehttp "GET /static/admin/js/actions.js HTTP/1.1" 304 0
INFO 2023-12-12 16:15:17,243 basehttp "GET /static/admin/css/widgets.css HTTP/1.1" 304 0
INFO 2023-12-12 16:15:17,244 basehttp "GET /static/admin/js/prepopulate.js HTTP/1.1" 304 0
INFO 2023-12-12 16:15:17,244 basehttp "GET /static/admin/js/vendor/xregexp/xregexp.js HTTP/1.1" 304 0
INFO 2023-12-12 16:15:17,250 basehttp "GET /static/admin/js/prepopulate_init.js HTTP/1.1" 304 0
INFO 2023-12-12 16:15:17,254 basehttp "GET /static/admin/js/theme.js HTTP/1.1" 304 0
INFO 2023-12-12 16:15:17,256 basehttp "GET /static/admin/js/nav_sidebar.js HTTP/1.1" 304 0
INFO 2023-12-12 16:15:17,259 basehttp "GET /static/admin/img/icon-addlink.svg HTTP/1.1" 304 0
INFO 2023-12-12 16:15:17,262 basehttp "GET /static/admin/js/change_form.js HTTP/1.1" 304 0
INFO 2023-12-12 16:15:17,289 basehttp "GET /admin/jsi18n/ HTTP/1.1" 200 3342
INFO 2023-12-12 16:15:19,157 basehttp "GET /admin/auth/user/add/ HTTP/1.1" 200 10135
INFO 2023-12-12 16:15:19,222 basehttp "GET /admin/jsi18n/ HTTP/1.1" 200 3342
INFO 2023-12-12 16:15:35,217 basehttp "POST /admin/auth/user/add/ HTTP/1.1" 200 10328
INFO 2023-12-12 16:15:35,393 basehttp "GET /admin/jsi18n/ HTTP/1.1" 200 3342
INFO 2023-12-12 16:15:50,528 basehttp "POST /admin/auth/user/add/ HTTP/1.1" 200 10328
INFO 2023-12-12 16:15:50,709 basehttp "GET /admin/jsi18n/ HTTP/1.1" 200 3342
INFO 2023-12-12 16:16:11,168 basehttp "POST /admin/auth/user/add/ HTTP/1.1" 302 0
INFO 2023-12-12 16:16:11,248 basehttp "GET /admin/auth/user/4/change/ HTTP/1.1" 200 21428
INFO 2023-12-12 16:16:11,434 basehttp "GET /admin/jsi18n/ HTTP/1.1" 200 3342
INFO 2023-12-12 16:17:20,817 autoreload F:\apps-ads\apps-ads\appsads\users\admin.py changed, reloading.
INFO 2023-12-12 16:17:21,295 autoreload Watching for file changes with StatReloader
INFO 2023-12-12 16:17:27,686 basehttp "GET /admin/auth/user/4/change/ HTTP/1.1" 200 21741
INFO 2023-12-12 16:17:27,756 basehttp "GET /admin/jsi18n/ HTTP/1.1" 200 3342
INFO 2023-12-12 16:17:27,791 basehttp "GET /static/admin/img/search.svg HTTP/1.1" 304 0
INFO 2023-12-12 16:17:31,701 basehttp "GET /admin/users/userprofile/ HTTP/1.1" 200 7474
INFO 2023-12-12 16:17:31,718 basehttp "GET /static/admin/css/changelists.css HTTP/1.1" 304 0
INFO 2023-12-12 16:17:31,725 basehttp "GET /static/admin/js/filters.js HTTP/1.1" 304 0
INFO 2023-12-12 16:17:31,776 basehttp "GET /admin/jsi18n/ HTTP/1.1" 200 3342
INFO 2023-12-12 16:17:33,794 basehttp "GET /admin/users/userprofile/add/ HTTP/1.1" 200 10001
INFO 2023-12-12 16:17:33,809 basehttp "GET /static/admin/img/icon-changelink.svg HTTP/1.1" 304 0
INFO 2023-12-12 16:17:33,815 basehttp "GET /static/admin/img/icon-viewlink.svg HTTP/1.1" 304 0
INFO 2023-12-12 16:17:33,956 basehttp "GET /admin/jsi18n/ HTTP/1.1" 200 3342
INFO 2023-12-12 16:17:45,001 basehttp "POST /admin/users/userprofile/add/ HTTP/1.1" 302 0
INFO 2023-12-12 16:17:45,064 basehttp "GET /admin/users/userprofile/ HTTP/1.1" 200 9146
INFO 2023-12-12 16:17:45,126 basehttp "GET /admin/jsi18n/ HTTP/1.1" 200 3342
INFO 2023-12-12 16:17:45,137 basehttp "GET /static/admin/img/icon-yes.svg HTTP/1.1" 304 0
INFO 2023-12-12 16:18:04,903 basehttp "GET /admin/users/userprofile/add/ HTTP/1.1" 200 10001
INFO 2023-12-12 16:18:04,969 basehttp "GET /admin/jsi18n/ HTTP/1.1" 200 3342
INFO 2023-12-12 16:18:06,906 basehttp "GET /admin/auth/user/ HTTP/1.1" 200 12142
INFO 2023-12-12 16:18:06,972 basehttp "GET /admin/jsi18n/ HTTP/1.1" 200 3342
INFO 2023-12-12 16:18:13,191 basehttp "POST /admin/auth/user/ HTTP/1.1" 200 7757
INFO 2023-12-12 16:18:14,270 basehttp "POST /admin/auth/user/ HTTP/1.1" 302 0
INFO 2023-12-12 16:18:14,329 basehttp "GET /admin/auth/user/ HTTP/1.1" 200 11402
INFO 2023-12-12 16:18:14,512 basehttp "GET /admin/jsi18n/ HTTP/1.1" 200 3342
INFO 2023-12-12 16:18:17,400 basehttp "GET /admin/auth/user/add/ HTTP/1.1" 200 10668
INFO 2023-12-12 16:18:17,470 basehttp "GET /admin/jsi18n/ HTTP/1.1" 200 3342
INFO 2023-12-12 16:18:44,477 basehttp "POST /admin/auth/user/add/ HTTP/1.1" 200 10866
INFO 2023-12-12 16:18:44,536 basehttp "GET /admin/jsi18n/ HTTP/1.1" 200 3342
INFO 2023-12-12 16:19:14,739 basehttp "POST /admin/auth/user/add/ HTTP/1.1" 200 10870
INFO 2023-12-12 16:19:14,799 basehttp "GET /admin/jsi18n/ HTTP/1.1" 200 3342
INFO 2023-12-12 16:19:43,452 basehttp "POST /admin/auth/user/add/ HTTP/1.1" 302 0
INFO 2023-12-12 16:19:43,540 basehttp "GET /admin/auth/user/5/change/ HTTP/1.1" 200 21991
INFO 2023-12-12 16:19:43,565 basehttp "GET /static/admin/js/calendar.js HTTP/1.1" 304 0
INFO 2023-12-12 16:19:43,565 basehttp "GET /static/admin/js/admin/DateTimeShortcuts.js HTTP/1.1" 304 0
INFO 2023-12-12 16:19:43,568 basehttp "GET /static/admin/js/SelectBox.js HTTP/1.1" 304 0
INFO 2023-12-12 16:19:43,569 basehttp "GET /static/admin/js/SelectFilter2.js HTTP/1.1" 304 0
INFO 2023-12-12 16:19:43,615 basehttp "GET /admin/jsi18n/ HTTP/1.1" 200 3342
INFO 2023-12-12 16:19:43,646 basehttp "GET /static/admin/img/icon-unknown.svg HTTP/1.1" 304 0
INFO 2023-12-12 16:19:43,646 basehttp "GET /static/admin/img/icon-clock.svg HTTP/1.1" 304 0
INFO 2023-12-12 16:19:43,647 basehttp "GET /static/admin/img/icon-calendar.svg HTTP/1.1" 304 0
INFO 2023-12-12 16:19:43,647 basehttp "GET /static/admin/img/selector-icons.svg HTTP/1.1" 304 0
INFO 2023-12-12 16:19:43,647 basehttp "GET /static/admin/img/icon-unknown-alt.svg HTTP/1.1" 304 0
INFO 2023-12-12 16:20:05,272 basehttp "GET /admin/auth/user/ HTTP/1.1" 200 11717
INFO 2023-12-12 16:20:05,293 basehttp "GET /static/admin/img/icon-no.svg HTTP/1.1" 304 0
INFO 2023-12-12 16:20:05,342 basehttp "GET /admin/jsi18n/ HTTP/1.1" 200 3342
INFO 2023-12-12 16:20:10,627 basehttp "POST /admin/auth/user/ HTTP/1.1" 200 7504
INFO 2023-12-12 16:20:11,825 basehttp "POST /admin/auth/user/ HTTP/1.1" 302 0
INFO 2023-12-12 16:20:11,882 basehttp "GET /admin/auth/user/ HTTP/1.1" 200 11401
INFO 2023-12-12 16:20:12,055 basehttp "GET /admin/jsi18n/ HTTP/1.1" 200 3342
INFO 2023-12-12 16:20:12,808 basehttp "GET /admin/users/userprofile/ HTTP/1.1" 200 7474
INFO 2023-12-12 16:20:12,874 basehttp "GET /admin/jsi18n/ HTTP/1.1" 200 3342
INFO 2023-12-12 16:20:14,568 basehttp "GET /admin/users/userprofile/add/ HTTP/1.1" 200 9929
INFO 2023-12-12 16:20:14,635 basehttp "GET /admin/jsi18n/ HTTP/1.1" 200 3342
INFO 2023-12-12 16:20:19,296 basehttp "GET /admin/auth/user/ HTTP/1.1" 200 11267
INFO 2023-12-12 16:20:19,464 basehttp "GET /admin/jsi18n/ HTTP/1.1" 200 3342
INFO 2023-12-12 16:20:28,149 basehttp "GET /admin/auth/user/add/ HTTP/1.1" 200 10668
INFO 2023-12-12 16:20:28,222 basehttp "GET /admin/jsi18n/ HTTP/1.1" 200 3342
INFO 2023-12-12 16:20:47,854 basehttp "POST /admin/auth/user/add/ HTTP/1.1" 200 10867
INFO 2023-12-12 16:20:47,920 basehttp "GET /admin/jsi18n/ HTTP/1.1" 200 3342
INFO 2023-12-12 16:21:21,578 basehttp "POST /admin/auth/user/add/ HTTP/1.1" 302 0
INFO 2023-12-12 16:21:21,658 basehttp "GET /admin/auth/user/6/change/ HTTP/1.1" 200 21961
INFO 2023-12-12 16:21:21,727 basehttp "GET /admin/jsi18n/ HTTP/1.1" 200 3342
INFO 2023-12-12 16:21:41,893 basehttp "POST /admin/auth/user/6/change/ HTTP/1.1" 302 0
INFO 2023-12-12 16:21:42,055 basehttp "GET /admin/auth/user/ HTTP/1.1" 200 11924
INFO 2023-12-12 16:21:42,126 basehttp "GET /admin/jsi18n/ HTTP/1.1" 200 3342
INFO 2023-12-12 16:21:45,151 basehttp "GET /admin/users/userprofile/ HTTP/1.1" 200 7474
INFO 2023-12-12 16:21:45,217 basehttp "GET /admin/jsi18n/ HTTP/1.1" 200 3342
INFO 2023-12-12 16:21:46,773 basehttp "GET /admin/users/userprofile/add/ HTTP/1.1" 200 9965
INFO 2023-12-12 16:21:46,834 basehttp "GET /admin/jsi18n/ HTTP/1.1" 200 3342
INFO 2023-12-12 16:21:51,136 basehttp "POST /admin/users/userprofile/add/ HTTP/1.1" 302 0
INFO 2023-12-12 16:21:51,195 basehttp "GET /admin/users/userprofile/ HTTP/1.1" 200 9146
INFO 2023-12-12 16:21:51,261 basehttp "GET /admin/jsi18n/ HTTP/1.1" 200 3342
INFO 2023-12-12 16:21:53,326 basehttp "GET /admin/users/userprofile/2/change/ HTTP/1.1" 200 10164
INFO 2023-12-12 16:21:53,512 basehttp "GET /admin/jsi18n/ HTTP/1.1" 200 3342
INFO 2023-12-12 16:21:56,806 basehttp "GET /admin/auth/user/6/change/?_to_field=id HTTP/1.1" 200 21879
INFO 2023-12-12 16:21:56,877 basehttp "GET /admin/jsi18n/ HTTP/1.1" 200 3342
INFO 2023-12-12 16:24:10,999 autoreload F:\apps-ads\apps-ads\appsads\users\admin.py changed, reloading.
INFO 2023-12-12 16:24:11,517 autoreload Watching for file changes with StatReloader
INFO 2023-12-12 16:24:39,624 autoreload Watching for file changes with StatReloader
INFO 2023-12-12 16:24:42,369 basehttp "GET /admin/auth/user/6/change/?_to_field=id HTTP/1.1" 200 24543
INFO 2023-12-12 16:24:42,430 basehttp "GET /admin/jsi18n/ HTTP/1.1" 200 3342
INFO 2023-12-12 16:24:42,454 basehttp "GET /static/admin/js/inlines.js HTTP/1.1" 200 15526
INFO 2023-12-12 16:24:46,334 basehttp "GET /admin/auth/user/add/ HTTP/1.1" 200 13239
INFO 2023-12-12 16:24:46,403 basehttp "GET /admin/jsi18n/ HTTP/1.1" 200 3342
INFO 2023-12-12 16:24:46,442 basehttp "GET /static/admin/img/inline-delete.svg HTTP/1.1" 200 560
INFO 2023-12-12 16:25:00,260 basehttp "GET /admin/auth/user/ HTTP/1.1" 200 11198
INFO 2023-12-12 16:25:00,328 basehttp "GET /admin/jsi18n/ HTTP/1.1" 200 3342
INFO 2023-12-12 16:25:04,251 basehttp "POST /admin/auth/user/ HTTP/1.1" 200 7046
INFO 2023-12-12 16:25:04,267 basehttp "GET /static/admin/js/cancel.js HTTP/1.1" 304 0
INFO 2023-12-12 16:25:05,279 basehttp "POST /admin/auth/user/ HTTP/1.1" 302 0
INFO 2023-12-12 16:25:05,335 basehttp "GET /admin/auth/user/ HTTP/1.1" 200 10868
INFO 2023-12-12 16:25:05,403 basehttp "GET /admin/jsi18n/ HTTP/1.1" 200 3342
INFO 2023-12-12 16:25:08,892 basehttp "GET /admin/auth/user/ HTTP/1.1" 200 10734
INFO 2023-12-12 16:25:08,955 basehttp "GET /admin/jsi18n/ HTTP/1.1" 200 3342
INFO 2023-12-12 16:25:10,558 basehttp "GET /admin/auth/user/add/ HTTP/1.1" 200 13239
INFO 2023-12-12 16:25:10,622 basehttp "GET /admin/jsi18n/ HTTP/1.1" 200 3342
INFO 2023-12-12 16:25:45,071 basehttp "POST /admin/auth/user/add/ HTTP/1.1" 200 12245
INFO 2023-12-12 16:25:45,135 basehttp "GET /admin/jsi18n/ HTTP/1.1" 200 3342
INFO 2023-12-12 16:26:20,392 basehttp "POST /admin/auth/user/add/ HTTP/1.1" 200 13333
INFO 2023-12-12 16:26:20,455 basehttp "GET /admin/jsi18n/ HTTP/1.1" 200 3342
INFO 2023-12-12 16:28:54,277 basehttp "POST /admin/auth/user/add/ HTTP/1.1" 200 13333
INFO 2023-12-12 16:28:54,295 basehttp "GET /static/admin/css/dark_mode.css HTTP/1.1" 200 2682
INFO 2023-12-12 16:28:54,299 basehttp "GET /static/admin/css/base.css HTTP/1.1" 200 21544
INFO 2023-12-12 16:28:54,307 basehttp "GET /static/admin/css/nav_sidebar.css HTTP/1.1" 200 2810
INFO 2023-12-12 16:28:54,309 basehttp "GET /static/admin/js/jquery.init.js HTTP/1.1" 200 347
INFO 2023-12-12 16:28:54,310 basehttp "GET /static/admin/js/core.js HTTP/1.1" 200 6208
INFO 2023-12-12 16:28:54,311 basehttp "GET /static/admin/css/responsive.css HTTP/1.1" 200 17905
INFO 2023-12-12 16:28:54,312 basehttp "GET /static/admin/js/inlines.js HTTP/1.1" 200 15526
INFO 2023-12-12 16:28:54,314 basehttp "GET /static/admin/js/admin/RelatedObjectLookups.js HTTP/1.1" 200 9042
INFO 2023-12-12 16:28:54,315 basehttp "GET /static/admin/js/vendor/jquery/jquery.js HTTP/1.1" 200 285314
INFO 2023-12-12 16:28:54,316 basehttp "GET /static/admin/js/actions.js HTTP/1.1" 200 8067
INFO 2023-12-12 16:28:54,317 basehttp "GET /static/admin/css/forms.css HTTP/1.1" 200 9048
INFO 2023-12-12 16:28:54,322 basehttp "GET /static/admin/js/prepopulate.js HTTP/1.1" 200 1531
INFO 2023-12-12 16:28:54,323 basehttp "GET /static/admin/js/urlify.js HTTP/1.1" 200 7887
INFO 2023-12-12 16:28:54,326 basehttp "GET /static/admin/js/vendor/xregexp/xregexp.js HTTP/1.1" 200 325171
INFO 2023-12-12 16:28:54,328 basehttp "GET /static/admin/js/prepopulate_init.js HTTP/1.1" 200 586
INFO 2023-12-12 16:28:54,333 basehttp "GET /static/admin/css/widgets.css HTTP/1.1" 200 11800
INFO 2023-12-12 16:28:54,340 basehttp "GET /static/admin/js/theme.js HTTP/1.1" 200 1943
INFO 2023-12-12 16:28:54,343 basehttp "GET /static/admin/js/nav_sidebar.js HTTP/1.1" 200 3063
INFO 2023-12-12 16:28:54,356 basehttp "GET /static/admin/js/change_form.js HTTP/1.1" 200 606
INFO 2023-12-12 16:28:54,368 basehttp "GET /admin/jsi18n/ HTTP/1.1" 200 3342
INFO 2023-12-12 16:28:54,385 basehttp "GET /static/admin/img/icon-addlink.svg HTTP/1.1" 200 331
WARNING 2023-12-12 16:28:54,418 log Not Found: /favicon.ico
WARNING 2023-12-12 16:28:54,418 basehttp "GET /favicon.ico HTTP/1.1" 404 2111
INFO 2023-12-12 16:28:56,630 basehttp "GET /admin/auth/user/add/ HTTP/1.1" 200 13239
INFO 2023-12-12 16:28:56,694 basehttp "GET /admin/jsi18n/ HTTP/1.1" 200 3342
INFO 2023-12-12 16:29:36,784 basehttp "POST /admin/auth/user/add/ HTTP/1.1" 200 13443
INFO 2023-12-12 16:29:36,844 basehttp "GET /admin/jsi18n/ HTTP/1.1" 200 3342
INFO 2023-12-12 16:30:06,496 basehttp "POST /admin/auth/user/add/ HTTP/1.1" 200 13335
INFO 2023-12-12 16:30:06,558 basehttp "GET /admin/jsi18n/ HTTP/1.1" 200 3342
INFO 2023-12-12 16:31:37,669 autoreload F:\apps-ads\apps-ads\appsads\users\admin.py changed, reloading.
INFO 2023-12-12 16:31:38,159 autoreload Watching for file changes with StatReloader
INFO 2023-12-12 16:37:37,489 autoreload F:\apps-ads\apps-ads\appsads\users\models.py changed, reloading.
INFO 2023-12-12 16:37:37,998 autoreload Watching for file changes with StatReloader
INFO 2023-12-12 16:37:45,396 autoreload F:\apps-ads\apps-ads\appsads\users\models.py changed, reloading.
INFO 2023-12-12 16:37:45,886 autoreload Watching for file changes with StatReloader
INFO 2023-12-12 16:38:14,702 autoreload F:\apps-ads\apps-ads\appsads\users\models.py changed, reloading.
INFO 2023-12-12 16:38:15,164 autoreload Watching for file changes with StatReloader
INFO 2023-12-12 16:39:13,898 autoreload F:\apps-ads\apps-ads\appsads\users\models.py changed, reloading.
INFO 2023-12-12 16:39:14,366 autoreload Watching for file changes with StatReloader
INFO 2023-12-12 16:39:52,396 autoreload F:\apps-ads\apps-ads\appsads\users\forms.py changed, reloading.
INFO 2023-12-12 16:39:52,858 autoreload Watching for file changes with StatReloader
INFO 2023-12-12 16:40:21,668 autoreload F:\apps-ads\apps-ads\appsads\users\forms.py changed, reloading.
INFO 2023-12-12 16:40:22,122 autoreload Watching for file changes with StatReloader
INFO 2023-12-12 16:42:54,672 autoreload F:\apps-ads\apps-ads\appsads\appsads\settings.py changed, reloading.
INFO 2023-12-12 16:42:55,174 autoreload Watching for file changes with StatReloader
INFO 2023-12-12 16:43:07,631 autoreload F:\apps-ads\apps-ads\appsads\appsads\settings.py changed, reloading.
INFO 2023-12-12 16:43:08,108 autoreload Watching for file changes with StatReloader
INFO 2023-12-12 16:43:14,607 autoreload Watching for file changes with StatReloader
ERROR 2023-12-12 16:43:19,589 log Internal Server Error: /admin/auth/user/add/
Traceback (most recent call last):
  File "F:\apps-ads\apps-ads\env\Lib\site-packages\django\db\backends\utils.py", line 105, in _execute
    return self.cursor.execute(sql, params)
           ^^^^^^^^^^^^^^^^^^^^^^^^^^^^^^^^
psycopg2.errors.UndefinedTable: relation "users_user" does not exist
LINE 1: ...user"."date_joined", "users_user"."platform" FROM "users_use...
                                                             ^


The above exception was the direct cause of the following exception:

Traceback (most recent call last):
  File "F:\apps-ads\apps-ads\env\Lib\site-packages\django\core\handlers\exception.py", line 55, in inner
    response = get_response(request)
               ^^^^^^^^^^^^^^^^^^^^^
  File "F:\apps-ads\apps-ads\env\Lib\site-packages\django\core\handlers\base.py", line 197, in _get_response
    response = wrapped_callback(request, *callback_args, **callback_kwargs)
               ^^^^^^^^^^^^^^^^^^^^^^^^^^^^^^^^^^^^^^^^^^^^^^^^^^^^^^^^^^^^
  File "F:\apps-ads\apps-ads\env\Lib\site-packages\django\contrib\admin\sites.py", line 259, in wrapper
    return self.admin_view(view, cacheable)(*args, **kwargs)
           ^^^^^^^^^^^^^^^^^^^^^^^^^^^^^^^^^^^^^^^^^^^^^^^^^
  File "F:\apps-ads\apps-ads\env\Lib\site-packages\django\utils\decorators.py", line 188, in _view_wrapper
    result = _process_exception(request, e)
             ^^^^^^^^^^^^^^^^^^^^^^^^^^^^^^
  File "F:\apps-ads\apps-ads\env\Lib\site-packages\django\utils\decorators.py", line 186, in _view_wrapper
    response = view_func(request, *args, **kwargs)
               ^^^^^^^^^^^^^^^^^^^^^^^^^^^^^^^^^^^
  File "F:\apps-ads\apps-ads\env\Lib\site-packages\django\views\decorators\cache.py", line 80, in _view_wrapper
    response = view_func(request, *args, **kwargs)
               ^^^^^^^^^^^^^^^^^^^^^^^^^^^^^^^^^^^
  File "F:\apps-ads\apps-ads\env\Lib\site-packages\django\contrib\admin\sites.py", line 228, in inner
    if not self.has_permission(request):
           ^^^^^^^^^^^^^^^^^^^^^^^^^^^^
  File "F:\apps-ads\apps-ads\env\Lib\site-packages\django\contrib\admin\sites.py", line 201, in has_permission
    return request.user.is_active and request.user.is_staff
           ^^^^^^^^^^^^^^^^^^^^^^
  File "F:\apps-ads\apps-ads\env\Lib\site-packages\django\utils\functional.py", line 251, in inner
    self._setup()
  File "F:\apps-ads\apps-ads\env\Lib\site-packages\django\utils\functional.py", line 404, in _setup
    self._wrapped = self._setupfunc()
                    ^^^^^^^^^^^^^^^^^
  File "F:\apps-ads\apps-ads\env\Lib\site-packages\django\contrib\auth\middleware.py", line 33, in <lambda>
    request.user = SimpleLazyObject(lambda: get_user(request))
                                            ^^^^^^^^^^^^^^^^^
  File "F:\apps-ads\apps-ads\env\Lib\site-packages\django\contrib\auth\middleware.py", line 13, in get_user
    request._cached_user = auth.get_user(request)
                           ^^^^^^^^^^^^^^^^^^^^^^
  File "F:\apps-ads\apps-ads\env\Lib\site-packages\django\contrib\auth\__init__.py", line 216, in get_user
    user = backend.get_user(user_id)
           ^^^^^^^^^^^^^^^^^^^^^^^^^
  File "F:\apps-ads\apps-ads\env\Lib\site-packages\django\contrib\auth\backends.py", line 157, in get_user
    user = UserModel._default_manager.get(pk=user_id)
           ^^^^^^^^^^^^^^^^^^^^^^^^^^^^^^^^^^^^^^^^^^
  File "F:\apps-ads\apps-ads\env\Lib\site-packages\django\db\models\manager.py", line 87, in manager_method
    return getattr(self.get_queryset(), name)(*args, **kwargs)
           ^^^^^^^^^^^^^^^^^^^^^^^^^^^^^^^^^^^^^^^^^^^^^^^^^^^
  File "F:\apps-ads\apps-ads\env\Lib\site-packages\django\db\models\query.py", line 643, in get
    num = len(clone)
          ^^^^^^^^^^
  File "F:\apps-ads\apps-ads\env\Lib\site-packages\django\db\models\query.py", line 380, in __len__
    self._fetch_all()
  File "F:\apps-ads\apps-ads\env\Lib\site-packages\django\db\models\query.py", line 1926, in _fetch_all
    self._result_cache = list(self._iterable_class(self))
                         ^^^^^^^^^^^^^^^^^^^^^^^^^^^^^^^^
  File "F:\apps-ads\apps-ads\env\Lib\site-packages\django\db\models\query.py", line 91, in __iter__
    results = compiler.execute_sql(
              ^^^^^^^^^^^^^^^^^^^^^
  File "F:\apps-ads\apps-ads\env\Lib\site-packages\django\db\models\sql\compiler.py", line 1562, in execute_sql
    cursor.execute(sql, params)
  File "F:\apps-ads\apps-ads\env\Lib\site-packages\django\db\backends\utils.py", line 122, in execute
    return super().execute(sql, params)
           ^^^^^^^^^^^^^^^^^^^^^^^^^^^^
  File "F:\apps-ads\apps-ads\env\Lib\site-packages\django\db\backends\utils.py", line 79, in execute
    return self._execute_with_wrappers(
           ^^^^^^^^^^^^^^^^^^^^^^^^^^^^
  File "F:\apps-ads\apps-ads\env\Lib\site-packages\django\db\backends\utils.py", line 92, in _execute_with_wrappers
    return executor(sql, params, many, context)
           ^^^^^^^^^^^^^^^^^^^^^^^^^^^^^^^^^^^^
  File "F:\apps-ads\apps-ads\env\Lib\site-packages\django\db\backends\utils.py", line 100, in _execute
    with self.db.wrap_database_errors:
  File "F:\apps-ads\apps-ads\env\Lib\site-packages\django\db\utils.py", line 91, in __exit__
    raise dj_exc_value.with_traceback(traceback) from exc_value
  File "F:\apps-ads\apps-ads\env\Lib\site-packages\django\db\backends\utils.py", line 105, in _execute
    return self.cursor.execute(sql, params)
           ^^^^^^^^^^^^^^^^^^^^^^^^^^^^^^^^
django.db.utils.ProgrammingError: relation "users_user" does not exist
LINE 1: ...user"."date_joined", "users_user"."platform" FROM "users_use...
                                                             ^

ERROR 2023-12-12 16:43:19,595 basehttp "POST /admin/auth/user/add/ HTTP/1.1" 500 186105
ERROR 2023-12-12 16:43:27,864 log Internal Server Error: /admin/
Traceback (most recent call last):
  File "F:\apps-ads\apps-ads\env\Lib\site-packages\django\db\backends\utils.py", line 105, in _execute
    return self.cursor.execute(sql, params)
           ^^^^^^^^^^^^^^^^^^^^^^^^^^^^^^^^
psycopg2.errors.UndefinedTable: relation "users_user" does not exist
LINE 1: ...user"."date_joined", "users_user"."platform" FROM "users_use...
                                                             ^


The above exception was the direct cause of the following exception:

Traceback (most recent call last):
  File "F:\apps-ads\apps-ads\env\Lib\site-packages\django\core\handlers\exception.py", line 55, in inner
    response = get_response(request)
               ^^^^^^^^^^^^^^^^^^^^^
  File "F:\apps-ads\apps-ads\env\Lib\site-packages\django\core\handlers\base.py", line 197, in _get_response
    response = wrapped_callback(request, *callback_args, **callback_kwargs)
               ^^^^^^^^^^^^^^^^^^^^^^^^^^^^^^^^^^^^^^^^^^^^^^^^^^^^^^^^^^^^
  File "F:\apps-ads\apps-ads\env\Lib\site-packages\django\contrib\admin\sites.py", line 259, in wrapper
    return self.admin_view(view, cacheable)(*args, **kwargs)
           ^^^^^^^^^^^^^^^^^^^^^^^^^^^^^^^^^^^^^^^^^^^^^^^^^
  File "F:\apps-ads\apps-ads\env\Lib\site-packages\django\utils\decorators.py", line 188, in _view_wrapper
    result = _process_exception(request, e)
             ^^^^^^^^^^^^^^^^^^^^^^^^^^^^^^
  File "F:\apps-ads\apps-ads\env\Lib\site-packages\django\utils\decorators.py", line 186, in _view_wrapper
    response = view_func(request, *args, **kwargs)
               ^^^^^^^^^^^^^^^^^^^^^^^^^^^^^^^^^^^
  File "F:\apps-ads\apps-ads\env\Lib\site-packages\django\views\decorators\cache.py", line 80, in _view_wrapper
    response = view_func(request, *args, **kwargs)
               ^^^^^^^^^^^^^^^^^^^^^^^^^^^^^^^^^^^
  File "F:\apps-ads\apps-ads\env\Lib\site-packages\django\contrib\admin\sites.py", line 228, in inner
    if not self.has_permission(request):
           ^^^^^^^^^^^^^^^^^^^^^^^^^^^^
  File "F:\apps-ads\apps-ads\env\Lib\site-packages\django\contrib\admin\sites.py", line 201, in has_permission
    return request.user.is_active and request.user.is_staff
           ^^^^^^^^^^^^^^^^^^^^^^
  File "F:\apps-ads\apps-ads\env\Lib\site-packages\django\utils\functional.py", line 251, in inner
    self._setup()
  File "F:\apps-ads\apps-ads\env\Lib\site-packages\django\utils\functional.py", line 404, in _setup
    self._wrapped = self._setupfunc()
                    ^^^^^^^^^^^^^^^^^
  File "F:\apps-ads\apps-ads\env\Lib\site-packages\django\contrib\auth\middleware.py", line 33, in <lambda>
    request.user = SimpleLazyObject(lambda: get_user(request))
                                            ^^^^^^^^^^^^^^^^^
  File "F:\apps-ads\apps-ads\env\Lib\site-packages\django\contrib\auth\middleware.py", line 13, in get_user
    request._cached_user = auth.get_user(request)
                           ^^^^^^^^^^^^^^^^^^^^^^
  File "F:\apps-ads\apps-ads\env\Lib\site-packages\django\contrib\auth\__init__.py", line 216, in get_user
    user = backend.get_user(user_id)
           ^^^^^^^^^^^^^^^^^^^^^^^^^
  File "F:\apps-ads\apps-ads\env\Lib\site-packages\django\contrib\auth\backends.py", line 157, in get_user
    user = UserModel._default_manager.get(pk=user_id)
           ^^^^^^^^^^^^^^^^^^^^^^^^^^^^^^^^^^^^^^^^^^
  File "F:\apps-ads\apps-ads\env\Lib\site-packages\django\db\models\manager.py", line 87, in manager_method
    return getattr(self.get_queryset(), name)(*args, **kwargs)
           ^^^^^^^^^^^^^^^^^^^^^^^^^^^^^^^^^^^^^^^^^^^^^^^^^^^
  File "F:\apps-ads\apps-ads\env\Lib\site-packages\django\db\models\query.py", line 643, in get
    num = len(clone)
          ^^^^^^^^^^
  File "F:\apps-ads\apps-ads\env\Lib\site-packages\django\db\models\query.py", line 380, in __len__
    self._fetch_all()
  File "F:\apps-ads\apps-ads\env\Lib\site-packages\django\db\models\query.py", line 1926, in _fetch_all
    self._result_cache = list(self._iterable_class(self))
                         ^^^^^^^^^^^^^^^^^^^^^^^^^^^^^^^^
  File "F:\apps-ads\apps-ads\env\Lib\site-packages\django\db\models\query.py", line 91, in __iter__
    results = compiler.execute_sql(
              ^^^^^^^^^^^^^^^^^^^^^
  File "F:\apps-ads\apps-ads\env\Lib\site-packages\django\db\models\sql\compiler.py", line 1562, in execute_sql
    cursor.execute(sql, params)
  File "F:\apps-ads\apps-ads\env\Lib\site-packages\django\db\backends\utils.py", line 122, in execute
    return super().execute(sql, params)
           ^^^^^^^^^^^^^^^^^^^^^^^^^^^^
  File "F:\apps-ads\apps-ads\env\Lib\site-packages\django\db\backends\utils.py", line 79, in execute
    return self._execute_with_wrappers(
           ^^^^^^^^^^^^^^^^^^^^^^^^^^^^
  File "F:\apps-ads\apps-ads\env\Lib\site-packages\django\db\backends\utils.py", line 92, in _execute_with_wrappers
    return executor(sql, params, many, context)
           ^^^^^^^^^^^^^^^^^^^^^^^^^^^^^^^^^^^^
  File "F:\apps-ads\apps-ads\env\Lib\site-packages\django\db\backends\utils.py", line 100, in _execute
    with self.db.wrap_database_errors:
  File "F:\apps-ads\apps-ads\env\Lib\site-packages\django\db\utils.py", line 91, in __exit__
    raise dj_exc_value.with_traceback(traceback) from exc_value
  File "F:\apps-ads\apps-ads\env\Lib\site-packages\django\db\backends\utils.py", line 105, in _execute
    return self.cursor.execute(sql, params)
           ^^^^^^^^^^^^^^^^^^^^^^^^^^^^^^^^
django.db.utils.ProgrammingError: relation "users_user" does not exist
LINE 1: ...user"."date_joined", "users_user"."platform" FROM "users_use...
                                                             ^

ERROR 2023-12-12 16:43:27,867 basehttp "GET /admin/ HTTP/1.1" 500 182971
ERROR 2023-12-12 16:43:28,351 log Internal Server Error: /admin/
Traceback (most recent call last):
  File "F:\apps-ads\apps-ads\env\Lib\site-packages\django\db\backends\utils.py", line 105, in _execute
    return self.cursor.execute(sql, params)
           ^^^^^^^^^^^^^^^^^^^^^^^^^^^^^^^^
psycopg2.errors.UndefinedTable: relation "users_user" does not exist
LINE 1: ...user"."date_joined", "users_user"."platform" FROM "users_use...
                                                             ^


The above exception was the direct cause of the following exception:

Traceback (most recent call last):
  File "F:\apps-ads\apps-ads\env\Lib\site-packages\django\core\handlers\exception.py", line 55, in inner
    response = get_response(request)
               ^^^^^^^^^^^^^^^^^^^^^
  File "F:\apps-ads\apps-ads\env\Lib\site-packages\django\core\handlers\base.py", line 197, in _get_response
    response = wrapped_callback(request, *callback_args, **callback_kwargs)
               ^^^^^^^^^^^^^^^^^^^^^^^^^^^^^^^^^^^^^^^^^^^^^^^^^^^^^^^^^^^^
  File "F:\apps-ads\apps-ads\env\Lib\site-packages\django\contrib\admin\sites.py", line 259, in wrapper
    return self.admin_view(view, cacheable)(*args, **kwargs)
           ^^^^^^^^^^^^^^^^^^^^^^^^^^^^^^^^^^^^^^^^^^^^^^^^^
  File "F:\apps-ads\apps-ads\env\Lib\site-packages\django\utils\decorators.py", line 188, in _view_wrapper
    result = _process_exception(request, e)
             ^^^^^^^^^^^^^^^^^^^^^^^^^^^^^^
  File "F:\apps-ads\apps-ads\env\Lib\site-packages\django\utils\decorators.py", line 186, in _view_wrapper
    response = view_func(request, *args, **kwargs)
               ^^^^^^^^^^^^^^^^^^^^^^^^^^^^^^^^^^^
  File "F:\apps-ads\apps-ads\env\Lib\site-packages\django\views\decorators\cache.py", line 80, in _view_wrapper
    response = view_func(request, *args, **kwargs)
               ^^^^^^^^^^^^^^^^^^^^^^^^^^^^^^^^^^^
  File "F:\apps-ads\apps-ads\env\Lib\site-packages\django\contrib\admin\sites.py", line 228, in inner
    if not self.has_permission(request):
           ^^^^^^^^^^^^^^^^^^^^^^^^^^^^
  File "F:\apps-ads\apps-ads\env\Lib\site-packages\django\contrib\admin\sites.py", line 201, in has_permission
    return request.user.is_active and request.user.is_staff
           ^^^^^^^^^^^^^^^^^^^^^^
  File "F:\apps-ads\apps-ads\env\Lib\site-packages\django\utils\functional.py", line 251, in inner
    self._setup()
  File "F:\apps-ads\apps-ads\env\Lib\site-packages\django\utils\functional.py", line 404, in _setup
    self._wrapped = self._setupfunc()
                    ^^^^^^^^^^^^^^^^^
  File "F:\apps-ads\apps-ads\env\Lib\site-packages\django\contrib\auth\middleware.py", line 33, in <lambda>
    request.user = SimpleLazyObject(lambda: get_user(request))
                                            ^^^^^^^^^^^^^^^^^
  File "F:\apps-ads\apps-ads\env\Lib\site-packages\django\contrib\auth\middleware.py", line 13, in get_user
    request._cached_user = auth.get_user(request)
                           ^^^^^^^^^^^^^^^^^^^^^^
  File "F:\apps-ads\apps-ads\env\Lib\site-packages\django\contrib\auth\__init__.py", line 216, in get_user
    user = backend.get_user(user_id)
           ^^^^^^^^^^^^^^^^^^^^^^^^^
  File "F:\apps-ads\apps-ads\env\Lib\site-packages\django\contrib\auth\backends.py", line 157, in get_user
    user = UserModel._default_manager.get(pk=user_id)
           ^^^^^^^^^^^^^^^^^^^^^^^^^^^^^^^^^^^^^^^^^^
  File "F:\apps-ads\apps-ads\env\Lib\site-packages\django\db\models\manager.py", line 87, in manager_method
    return getattr(self.get_queryset(), name)(*args, **kwargs)
           ^^^^^^^^^^^^^^^^^^^^^^^^^^^^^^^^^^^^^^^^^^^^^^^^^^^
  File "F:\apps-ads\apps-ads\env\Lib\site-packages\django\db\models\query.py", line 643, in get
    num = len(clone)
          ^^^^^^^^^^
  File "F:\apps-ads\apps-ads\env\Lib\site-packages\django\db\models\query.py", line 380, in __len__
    self._fetch_all()
  File "F:\apps-ads\apps-ads\env\Lib\site-packages\django\db\models\query.py", line 1926, in _fetch_all
    self._result_cache = list(self._iterable_class(self))
                         ^^^^^^^^^^^^^^^^^^^^^^^^^^^^^^^^
  File "F:\apps-ads\apps-ads\env\Lib\site-packages\django\db\models\query.py", line 91, in __iter__
    results = compiler.execute_sql(
              ^^^^^^^^^^^^^^^^^^^^^
  File "F:\apps-ads\apps-ads\env\Lib\site-packages\django\db\models\sql\compiler.py", line 1562, in execute_sql
    cursor.execute(sql, params)
  File "F:\apps-ads\apps-ads\env\Lib\site-packages\django\db\backends\utils.py", line 122, in execute
    return super().execute(sql, params)
           ^^^^^^^^^^^^^^^^^^^^^^^^^^^^
  File "F:\apps-ads\apps-ads\env\Lib\site-packages\django\db\backends\utils.py", line 79, in execute
    return self._execute_with_wrappers(
           ^^^^^^^^^^^^^^^^^^^^^^^^^^^^
  File "F:\apps-ads\apps-ads\env\Lib\site-packages\django\db\backends\utils.py", line 92, in _execute_with_wrappers
    return executor(sql, params, many, context)
           ^^^^^^^^^^^^^^^^^^^^^^^^^^^^^^^^^^^^
  File "F:\apps-ads\apps-ads\env\Lib\site-packages\django\db\backends\utils.py", line 100, in _execute
    with self.db.wrap_database_errors:
  File "F:\apps-ads\apps-ads\env\Lib\site-packages\django\db\utils.py", line 91, in __exit__
    raise dj_exc_value.with_traceback(traceback) from exc_value
  File "F:\apps-ads\apps-ads\env\Lib\site-packages\django\db\backends\utils.py", line 105, in _execute
    return self.cursor.execute(sql, params)
           ^^^^^^^^^^^^^^^^^^^^^^^^^^^^^^^^
django.db.utils.ProgrammingError: relation "users_user" does not exist
LINE 1: ...user"."date_joined", "users_user"."platform" FROM "users_use...
                                                             ^

ERROR 2023-12-12 16:43:28,355 basehttp "GET /admin/ HTTP/1.1" 500 182697
INFO 2023-12-12 16:56:54,360 autoreload Watching for file changes with StatReloader
ERROR 2023-12-12 16:56:58,250 log Internal Server Error: /admin/
Traceback (most recent call last):
  File "F:\apps-ads\apps-ads\env\Lib\site-packages\django\db\backends\utils.py", line 105, in _execute
    return self.cursor.execute(sql, params)
           ^^^^^^^^^^^^^^^^^^^^^^^^^^^^^^^^
psycopg2.errors.UndefinedTable: relation "users_user" does not exist
LINE 1: ...user"."date_joined", "users_user"."platform" FROM "users_use...
                                                             ^


The above exception was the direct cause of the following exception:

Traceback (most recent call last):
  File "F:\apps-ads\apps-ads\env\Lib\site-packages\django\core\handlers\exception.py", line 55, in inner
    response = get_response(request)
               ^^^^^^^^^^^^^^^^^^^^^
  File "F:\apps-ads\apps-ads\env\Lib\site-packages\django\core\handlers\base.py", line 197, in _get_response
    response = wrapped_callback(request, *callback_args, **callback_kwargs)
               ^^^^^^^^^^^^^^^^^^^^^^^^^^^^^^^^^^^^^^^^^^^^^^^^^^^^^^^^^^^^
  File "F:\apps-ads\apps-ads\env\Lib\site-packages\django\contrib\admin\sites.py", line 259, in wrapper
    return self.admin_view(view, cacheable)(*args, **kwargs)
           ^^^^^^^^^^^^^^^^^^^^^^^^^^^^^^^^^^^^^^^^^^^^^^^^^
  File "F:\apps-ads\apps-ads\env\Lib\site-packages\django\utils\decorators.py", line 188, in _view_wrapper
    result = _process_exception(request, e)
             ^^^^^^^^^^^^^^^^^^^^^^^^^^^^^^
  File "F:\apps-ads\apps-ads\env\Lib\site-packages\django\utils\decorators.py", line 186, in _view_wrapper
    response = view_func(request, *args, **kwargs)
               ^^^^^^^^^^^^^^^^^^^^^^^^^^^^^^^^^^^
  File "F:\apps-ads\apps-ads\env\Lib\site-packages\django\views\decorators\cache.py", line 80, in _view_wrapper
    response = view_func(request, *args, **kwargs)
               ^^^^^^^^^^^^^^^^^^^^^^^^^^^^^^^^^^^
  File "F:\apps-ads\apps-ads\env\Lib\site-packages\django\contrib\admin\sites.py", line 228, in inner
    if not self.has_permission(request):
           ^^^^^^^^^^^^^^^^^^^^^^^^^^^^
  File "F:\apps-ads\apps-ads\env\Lib\site-packages\django\contrib\admin\sites.py", line 201, in has_permission
    return request.user.is_active and request.user.is_staff
           ^^^^^^^^^^^^^^^^^^^^^^
  File "F:\apps-ads\apps-ads\env\Lib\site-packages\django\utils\functional.py", line 251, in inner
    self._setup()
  File "F:\apps-ads\apps-ads\env\Lib\site-packages\django\utils\functional.py", line 404, in _setup
    self._wrapped = self._setupfunc()
                    ^^^^^^^^^^^^^^^^^
  File "F:\apps-ads\apps-ads\env\Lib\site-packages\django\contrib\auth\middleware.py", line 33, in <lambda>
    request.user = SimpleLazyObject(lambda: get_user(request))
                                            ^^^^^^^^^^^^^^^^^
  File "F:\apps-ads\apps-ads\env\Lib\site-packages\django\contrib\auth\middleware.py", line 13, in get_user
    request._cached_user = auth.get_user(request)
                           ^^^^^^^^^^^^^^^^^^^^^^
  File "F:\apps-ads\apps-ads\env\Lib\site-packages\django\contrib\auth\__init__.py", line 216, in get_user
    user = backend.get_user(user_id)
           ^^^^^^^^^^^^^^^^^^^^^^^^^
  File "F:\apps-ads\apps-ads\env\Lib\site-packages\django\contrib\auth\backends.py", line 157, in get_user
    user = UserModel._default_manager.get(pk=user_id)
           ^^^^^^^^^^^^^^^^^^^^^^^^^^^^^^^^^^^^^^^^^^
  File "F:\apps-ads\apps-ads\env\Lib\site-packages\django\db\models\manager.py", line 87, in manager_method
    return getattr(self.get_queryset(), name)(*args, **kwargs)
           ^^^^^^^^^^^^^^^^^^^^^^^^^^^^^^^^^^^^^^^^^^^^^^^^^^^
  File "F:\apps-ads\apps-ads\env\Lib\site-packages\django\db\models\query.py", line 643, in get
    num = len(clone)
          ^^^^^^^^^^
  File "F:\apps-ads\apps-ads\env\Lib\site-packages\django\db\models\query.py", line 380, in __len__
    self._fetch_all()
  File "F:\apps-ads\apps-ads\env\Lib\site-packages\django\db\models\query.py", line 1926, in _fetch_all
    self._result_cache = list(self._iterable_class(self))
                         ^^^^^^^^^^^^^^^^^^^^^^^^^^^^^^^^
  File "F:\apps-ads\apps-ads\env\Lib\site-packages\django\db\models\query.py", line 91, in __iter__
    results = compiler.execute_sql(
              ^^^^^^^^^^^^^^^^^^^^^
  File "F:\apps-ads\apps-ads\env\Lib\site-packages\django\db\models\sql\compiler.py", line 1562, in execute_sql
    cursor.execute(sql, params)
  File "F:\apps-ads\apps-ads\env\Lib\site-packages\django\db\backends\utils.py", line 122, in execute
    return super().execute(sql, params)
           ^^^^^^^^^^^^^^^^^^^^^^^^^^^^
  File "F:\apps-ads\apps-ads\env\Lib\site-packages\django\db\backends\utils.py", line 79, in execute
    return self._execute_with_wrappers(
           ^^^^^^^^^^^^^^^^^^^^^^^^^^^^
  File "F:\apps-ads\apps-ads\env\Lib\site-packages\django\db\backends\utils.py", line 92, in _execute_with_wrappers
    return executor(sql, params, many, context)
           ^^^^^^^^^^^^^^^^^^^^^^^^^^^^^^^^^^^^
  File "F:\apps-ads\apps-ads\env\Lib\site-packages\django\db\backends\utils.py", line 100, in _execute
    with self.db.wrap_database_errors:
  File "F:\apps-ads\apps-ads\env\Lib\site-packages\django\db\utils.py", line 91, in __exit__
    raise dj_exc_value.with_traceback(traceback) from exc_value
  File "F:\apps-ads\apps-ads\env\Lib\site-packages\django\db\backends\utils.py", line 105, in _execute
    return self.cursor.execute(sql, params)
           ^^^^^^^^^^^^^^^^^^^^^^^^^^^^^^^^
django.db.utils.ProgrammingError: relation "users_user" does not exist
LINE 1: ...user"."date_joined", "users_user"."platform" FROM "users_use...
                                                             ^

ERROR 2023-12-12 16:56:58,254 basehttp "GET /admin/ HTTP/1.1" 500 182834
INFO 2023-12-12 16:58:47,413 autoreload Watching for file changes with StatReloader
ERROR 2023-12-12 16:59:05,953 log Internal Server Error: /admin/
Traceback (most recent call last):
  File "F:\apps-ads\apps-ads\env\Lib\site-packages\django\db\backends\utils.py", line 105, in _execute
    return self.cursor.execute(sql, params)
           ^^^^^^^^^^^^^^^^^^^^^^^^^^^^^^^^
psycopg2.errors.UndefinedTable: relation "users_user" does not exist
LINE 1: ...user"."date_joined", "users_user"."platform" FROM "users_use...
                                                             ^


The above exception was the direct cause of the following exception:

Traceback (most recent call last):
  File "F:\apps-ads\apps-ads\env\Lib\site-packages\django\core\handlers\exception.py", line 55, in inner
    response = get_response(request)
               ^^^^^^^^^^^^^^^^^^^^^
  File "F:\apps-ads\apps-ads\env\Lib\site-packages\django\core\handlers\base.py", line 197, in _get_response
    response = wrapped_callback(request, *callback_args, **callback_kwargs)
               ^^^^^^^^^^^^^^^^^^^^^^^^^^^^^^^^^^^^^^^^^^^^^^^^^^^^^^^^^^^^
  File "F:\apps-ads\apps-ads\env\Lib\site-packages\django\contrib\admin\sites.py", line 259, in wrapper
    return self.admin_view(view, cacheable)(*args, **kwargs)
           ^^^^^^^^^^^^^^^^^^^^^^^^^^^^^^^^^^^^^^^^^^^^^^^^^
  File "F:\apps-ads\apps-ads\env\Lib\site-packages\django\utils\decorators.py", line 188, in _view_wrapper
    result = _process_exception(request, e)
             ^^^^^^^^^^^^^^^^^^^^^^^^^^^^^^
  File "F:\apps-ads\apps-ads\env\Lib\site-packages\django\utils\decorators.py", line 186, in _view_wrapper
    response = view_func(request, *args, **kwargs)
               ^^^^^^^^^^^^^^^^^^^^^^^^^^^^^^^^^^^
  File "F:\apps-ads\apps-ads\env\Lib\site-packages\django\views\decorators\cache.py", line 80, in _view_wrapper
    response = view_func(request, *args, **kwargs)
               ^^^^^^^^^^^^^^^^^^^^^^^^^^^^^^^^^^^
  File "F:\apps-ads\apps-ads\env\Lib\site-packages\django\contrib\admin\sites.py", line 228, in inner
    if not self.has_permission(request):
           ^^^^^^^^^^^^^^^^^^^^^^^^^^^^
  File "F:\apps-ads\apps-ads\env\Lib\site-packages\django\contrib\admin\sites.py", line 201, in has_permission
    return request.user.is_active and request.user.is_staff
           ^^^^^^^^^^^^^^^^^^^^^^
  File "F:\apps-ads\apps-ads\env\Lib\site-packages\django\utils\functional.py", line 251, in inner
    self._setup()
  File "F:\apps-ads\apps-ads\env\Lib\site-packages\django\utils\functional.py", line 404, in _setup
    self._wrapped = self._setupfunc()
                    ^^^^^^^^^^^^^^^^^
  File "F:\apps-ads\apps-ads\env\Lib\site-packages\django\contrib\auth\middleware.py", line 33, in <lambda>
    request.user = SimpleLazyObject(lambda: get_user(request))
                                            ^^^^^^^^^^^^^^^^^
  File "F:\apps-ads\apps-ads\env\Lib\site-packages\django\contrib\auth\middleware.py", line 13, in get_user
    request._cached_user = auth.get_user(request)
                           ^^^^^^^^^^^^^^^^^^^^^^
  File "F:\apps-ads\apps-ads\env\Lib\site-packages\django\contrib\auth\__init__.py", line 216, in get_user
    user = backend.get_user(user_id)
           ^^^^^^^^^^^^^^^^^^^^^^^^^
  File "F:\apps-ads\apps-ads\env\Lib\site-packages\django\contrib\auth\backends.py", line 157, in get_user
    user = UserModel._default_manager.get(pk=user_id)
           ^^^^^^^^^^^^^^^^^^^^^^^^^^^^^^^^^^^^^^^^^^
  File "F:\apps-ads\apps-ads\env\Lib\site-packages\django\db\models\manager.py", line 87, in manager_method
    return getattr(self.get_queryset(), name)(*args, **kwargs)
           ^^^^^^^^^^^^^^^^^^^^^^^^^^^^^^^^^^^^^^^^^^^^^^^^^^^
  File "F:\apps-ads\apps-ads\env\Lib\site-packages\django\db\models\query.py", line 643, in get
    num = len(clone)
          ^^^^^^^^^^
  File "F:\apps-ads\apps-ads\env\Lib\site-packages\django\db\models\query.py", line 380, in __len__
    self._fetch_all()
  File "F:\apps-ads\apps-ads\env\Lib\site-packages\django\db\models\query.py", line 1926, in _fetch_all
    self._result_cache = list(self._iterable_class(self))
                         ^^^^^^^^^^^^^^^^^^^^^^^^^^^^^^^^
  File "F:\apps-ads\apps-ads\env\Lib\site-packages\django\db\models\query.py", line 91, in __iter__
    results = compiler.execute_sql(
              ^^^^^^^^^^^^^^^^^^^^^
  File "F:\apps-ads\apps-ads\env\Lib\site-packages\django\db\models\sql\compiler.py", line 1562, in execute_sql
    cursor.execute(sql, params)
  File "F:\apps-ads\apps-ads\env\Lib\site-packages\django\db\backends\utils.py", line 122, in execute
    return super().execute(sql, params)
           ^^^^^^^^^^^^^^^^^^^^^^^^^^^^
  File "F:\apps-ads\apps-ads\env\Lib\site-packages\django\db\backends\utils.py", line 79, in execute
    return self._execute_with_wrappers(
           ^^^^^^^^^^^^^^^^^^^^^^^^^^^^
  File "F:\apps-ads\apps-ads\env\Lib\site-packages\django\db\backends\utils.py", line 92, in _execute_with_wrappers
    return executor(sql, params, many, context)
           ^^^^^^^^^^^^^^^^^^^^^^^^^^^^^^^^^^^^
  File "F:\apps-ads\apps-ads\env\Lib\site-packages\django\db\backends\utils.py", line 100, in _execute
    with self.db.wrap_database_errors:
  File "F:\apps-ads\apps-ads\env\Lib\site-packages\django\db\utils.py", line 91, in __exit__
    raise dj_exc_value.with_traceback(traceback) from exc_value
  File "F:\apps-ads\apps-ads\env\Lib\site-packages\django\db\backends\utils.py", line 105, in _execute
    return self.cursor.execute(sql, params)
           ^^^^^^^^^^^^^^^^^^^^^^^^^^^^^^^^
django.db.utils.ProgrammingError: relation "users_user" does not exist
LINE 1: ...user"."date_joined", "users_user"."platform" FROM "users_use...
                                                             ^

ERROR 2023-12-12 16:59:05,962 basehttp "GET /admin/ HTTP/1.1" 500 182834
INFO 2023-12-12 17:05:15,277 autoreload Watching for file changes with StatReloader
ERROR 2023-12-12 17:05:17,098 log Internal Server Error: /admin/
Traceback (most recent call last):
  File "F:\apps-ads\apps-ads\env\Lib\site-packages\django\db\backends\utils.py", line 105, in _execute
    return self.cursor.execute(sql, params)
           ^^^^^^^^^^^^^^^^^^^^^^^^^^^^^^^^
psycopg2.errors.UndefinedTable: relation "users_user" does not exist
LINE 1: ...user"."date_joined", "users_user"."platform" FROM "users_use...
                                                             ^


The above exception was the direct cause of the following exception:

Traceback (most recent call last):
  File "F:\apps-ads\apps-ads\env\Lib\site-packages\django\core\handlers\exception.py", line 55, in inner
    response = get_response(request)
               ^^^^^^^^^^^^^^^^^^^^^
  File "F:\apps-ads\apps-ads\env\Lib\site-packages\django\core\handlers\base.py", line 197, in _get_response
    response = wrapped_callback(request, *callback_args, **callback_kwargs)
               ^^^^^^^^^^^^^^^^^^^^^^^^^^^^^^^^^^^^^^^^^^^^^^^^^^^^^^^^^^^^
  File "F:\apps-ads\apps-ads\env\Lib\site-packages\django\contrib\admin\sites.py", line 259, in wrapper
    return self.admin_view(view, cacheable)(*args, **kwargs)
           ^^^^^^^^^^^^^^^^^^^^^^^^^^^^^^^^^^^^^^^^^^^^^^^^^
  File "F:\apps-ads\apps-ads\env\Lib\site-packages\django\utils\decorators.py", line 188, in _view_wrapper
    result = _process_exception(request, e)
             ^^^^^^^^^^^^^^^^^^^^^^^^^^^^^^
  File "F:\apps-ads\apps-ads\env\Lib\site-packages\django\utils\decorators.py", line 186, in _view_wrapper
    response = view_func(request, *args, **kwargs)
               ^^^^^^^^^^^^^^^^^^^^^^^^^^^^^^^^^^^
  File "F:\apps-ads\apps-ads\env\Lib\site-packages\django\views\decorators\cache.py", line 80, in _view_wrapper
    response = view_func(request, *args, **kwargs)
               ^^^^^^^^^^^^^^^^^^^^^^^^^^^^^^^^^^^
  File "F:\apps-ads\apps-ads\env\Lib\site-packages\django\contrib\admin\sites.py", line 228, in inner
    if not self.has_permission(request):
           ^^^^^^^^^^^^^^^^^^^^^^^^^^^^
  File "F:\apps-ads\apps-ads\env\Lib\site-packages\django\contrib\admin\sites.py", line 201, in has_permission
    return request.user.is_active and request.user.is_staff
           ^^^^^^^^^^^^^^^^^^^^^^
  File "F:\apps-ads\apps-ads\env\Lib\site-packages\django\utils\functional.py", line 251, in inner
    self._setup()
  File "F:\apps-ads\apps-ads\env\Lib\site-packages\django\utils\functional.py", line 404, in _setup
    self._wrapped = self._setupfunc()
                    ^^^^^^^^^^^^^^^^^
  File "F:\apps-ads\apps-ads\env\Lib\site-packages\django\contrib\auth\middleware.py", line 33, in <lambda>
    request.user = SimpleLazyObject(lambda: get_user(request))
                                            ^^^^^^^^^^^^^^^^^
  File "F:\apps-ads\apps-ads\env\Lib\site-packages\django\contrib\auth\middleware.py", line 13, in get_user
    request._cached_user = auth.get_user(request)
                           ^^^^^^^^^^^^^^^^^^^^^^
  File "F:\apps-ads\apps-ads\env\Lib\site-packages\django\contrib\auth\__init__.py", line 216, in get_user
    user = backend.get_user(user_id)
           ^^^^^^^^^^^^^^^^^^^^^^^^^
  File "F:\apps-ads\apps-ads\env\Lib\site-packages\django\contrib\auth\backends.py", line 157, in get_user
    user = UserModel._default_manager.get(pk=user_id)
           ^^^^^^^^^^^^^^^^^^^^^^^^^^^^^^^^^^^^^^^^^^
  File "F:\apps-ads\apps-ads\env\Lib\site-packages\django\db\models\manager.py", line 87, in manager_method
    return getattr(self.get_queryset(), name)(*args, **kwargs)
           ^^^^^^^^^^^^^^^^^^^^^^^^^^^^^^^^^^^^^^^^^^^^^^^^^^^
  File "F:\apps-ads\apps-ads\env\Lib\site-packages\django\db\models\query.py", line 643, in get
    num = len(clone)
          ^^^^^^^^^^
  File "F:\apps-ads\apps-ads\env\Lib\site-packages\django\db\models\query.py", line 380, in __len__
    self._fetch_all()
  File "F:\apps-ads\apps-ads\env\Lib\site-packages\django\db\models\query.py", line 1926, in _fetch_all
    self._result_cache = list(self._iterable_class(self))
                         ^^^^^^^^^^^^^^^^^^^^^^^^^^^^^^^^
  File "F:\apps-ads\apps-ads\env\Lib\site-packages\django\db\models\query.py", line 91, in __iter__
    results = compiler.execute_sql(
              ^^^^^^^^^^^^^^^^^^^^^
  File "F:\apps-ads\apps-ads\env\Lib\site-packages\django\db\models\sql\compiler.py", line 1562, in execute_sql
    cursor.execute(sql, params)
  File "F:\apps-ads\apps-ads\env\Lib\site-packages\django\db\backends\utils.py", line 122, in execute
    return super().execute(sql, params)
           ^^^^^^^^^^^^^^^^^^^^^^^^^^^^
  File "F:\apps-ads\apps-ads\env\Lib\site-packages\django\db\backends\utils.py", line 79, in execute
    return self._execute_with_wrappers(
           ^^^^^^^^^^^^^^^^^^^^^^^^^^^^
  File "F:\apps-ads\apps-ads\env\Lib\site-packages\django\db\backends\utils.py", line 92, in _execute_with_wrappers
    return executor(sql, params, many, context)
           ^^^^^^^^^^^^^^^^^^^^^^^^^^^^^^^^^^^^
  File "F:\apps-ads\apps-ads\env\Lib\site-packages\django\db\backends\utils.py", line 100, in _execute
    with self.db.wrap_database_errors:
  File "F:\apps-ads\apps-ads\env\Lib\site-packages\django\db\utils.py", line 91, in __exit__
    raise dj_exc_value.with_traceback(traceback) from exc_value
  File "F:\apps-ads\apps-ads\env\Lib\site-packages\django\db\backends\utils.py", line 105, in _execute
    return self.cursor.execute(sql, params)
           ^^^^^^^^^^^^^^^^^^^^^^^^^^^^^^^^
django.db.utils.ProgrammingError: relation "users_user" does not exist
LINE 1: ...user"."date_joined", "users_user"."platform" FROM "users_use...
                                                             ^

ERROR 2023-12-12 17:05:17,102 basehttp "GET /admin/ HTTP/1.1" 500 182834
INFO 2023-12-12 17:06:24,517 autoreload F:\apps-ads\apps-ads\appsads\users\admin.py changed, reloading.
